<?xml version="1.0" encoding="UTF-8"?>
<!-- Generated by org.testng.reporters.JUnitXMLReporter -->
<testsuite ignored="0" hostname="DESKTOP-39F4HU5" failures="1" tests="1" name="Surefire test" time="38.19" errors="0" timestamp="2025-03-12T11:51:23 WIB">
  <testcase classname="automation.TestNGTest" name="checkoutProduct" time="24.425">
    <failure type="java.lang.AssertionError" message="expected [Your order has been dispatched, and will arrive just as fast as the pony can get there!] but found []">
      <![CDATA[java.lang.AssertionError: expected [Your order has been dispatched, and will arrive just as fast as the pony can get there!] but found []
at automation.TestNGTest.checkoutProduct(TestNGTest.java:62)
at java.base/java.util.ArrayList.forEach(ArrayList.java:1597)
... Removed 36 stack frames]]>
    </failure>
  </testcase> <!-- checkoutProduct -->
</testsuite> <!-- Surefire test -->
